Symlinking /home/duman/ducky_ws/devel/include/duckietown_msgs/SetFSMStateRequest.h
Symlinking /home/duman/ducky_ws/devel/include/duckietown_msgs/IntersectionPoseImgDebug.h
Symlinking /home/duman/ducky_ws/devel/include/duckietown_msgs/StopLineReading.h
Symlinking /home/duman/ducky_ws/devel/include/duckietown_msgs/GetVariable.h
Symlinking /home/duman/ducky_ws/devel/include/duckietown_msgs/SignalsDetection.h
Symlinking /home/duman/ducky_ws/devel/include/duckietown_msgs/ToFstatus.h
Symlinking /home/duman/ducky_ws/devel/include/duckietown_msgs/IMUstatus.h
Symlinking /home/duman/ducky_ws/devel/include/duckietown_msgs/ChangePatternResponse.h
Symlinking /home/duman/ducky_ws/devel/include/duckietown_msgs/LEDDetectionArray.h
Symlinking /home/duman/ducky_ws/devel/include/duckietown_msgs/LEDDetection.h
Symlinking /home/duman/ducky_ws/devel/include/duckietown_msgs/SetVariableResponse.h
Symlinking /home/duman/ducky_ws/devel/include/duckietown_msgs/VehicleCorners.h
Symlinking /home/duman/ducky_ws/devel/include/duckietown_msgs/IntersectionPose.h
Symlinking /home/duman/ducky_ws/devel/include/duckietown_msgs/CarControl.h
Symlinking /home/duman/ducky_ws/devel/include/duckietown_msgs/Rect.h
Symlinking /home/duman/ducky_ws/devel/include/duckietown_msgs/CoordinationClearance.h
Symlinking /home/duman/ducky_ws/devel/include/duckietown_msgs/SetValueRequest.h
Symlinking /home/duman/ducky_ws/devel/include/duckietown_msgs/Vsample.h
Symlinking /home/duman/ducky_ws/devel/include/duckietown_msgs/ObstacleType.h
Symlinking /home/duman/ducky_ws/devel/include/duckietown_msgs/KinematicsParameters.h
Symlinking /home/duman/ducky_ws/devel/include/duckietown_msgs/SourceTargetNodes.h
Symlinking /home/duman/ducky_ws/devel/include/duckietown_msgs/Segment.h
Symlinking /home/duman/ducky_ws/devel/include/duckietown_msgs/FSMState.h
Symlinking /home/duman/ducky_ws/devel/include/duckietown_msgs/VehiclePose.h
Symlinking /home/duman/ducky_ws/devel/include/duckietown_msgs/ToFstatusResponse.h
Symlinking /home/duman/ducky_ws/devel/include/duckietown_msgs/MaintenanceState.h
Symlinking /home/duman/ducky_ws/devel/include/duckietown_msgs/LEDDetectionDebugInfo.h
Symlinking /home/duman/ducky_ws/devel/include/duckietown_msgs/Twist2DStamped.h
Symlinking /home/duman/ducky_ws/devel/include/duckietown_msgs/Pixel.h
Symlinking /home/duman/ducky_ws/devel/include/duckietown_msgs/SetVariable.h
Symlinking /home/duman/ducky_ws/devel/include/duckietown_msgs/AprilTagsWithInfos.h
Symlinking /home/duman/ducky_ws/devel/include/duckietown_msgs/ChangePatternRequest.h
Symlinking /home/duman/ducky_ws/devel/include/duckietown_msgs/NodeRequestParamsUpdate.h
Symlinking /home/duman/ducky_ws/devel/include/duckietown_msgs/DuckiebotLED.h
Symlinking /home/duman/ducky_ws/devel/include/duckietown_msgs/KinematicsWeights.h
Symlinking /home/duman/ducky_ws/devel/include/duckietown_msgs/ParamTuner.h
Symlinking /home/duman/ducky_ws/devel/include/duckietown_msgs/SensorsStatusRequest.h
Symlinking /home/duman/ducky_ws/devel/include/duckietown_msgs/SensorsStatusResponse.h
Symlinking /home/duman/ducky_ws/devel/include/duckietown_msgs/ButtonEvent.h
Symlinking /home/duman/ducky_ws/devel/include/duckietown_msgs/EpisodeStart.h
Symlinking /home/duman/ducky_ws/devel/include/duckietown_msgs/LEDInterpreter.h
Symlinking /home/duman/ducky_ws/devel/include/duckietown_msgs/DiagnosticsCodeProfiling.h
Symlinking /home/duman/ducky_ws/devel/include/duckietown_msgs/SetFSMStateResponse.h
Symlinking /home/duman/ducky_ws/devel/include/duckietown_msgs/SetValueResponse.h
Symlinking /home/duman/ducky_ws/devel/include/duckietown_msgs/LEDPattern.h
Symlinking /home/duman/ducky_ws/devel/include/duckietown_msgs/DiagnosticsRosLinkArray.h
Symlinking /home/duman/ducky_ws/devel/include/duckietown_msgs/WheelsCmd.h
Symlinking /home/duman/ducky_ws/devel/include/duckietown_msgs/LineFollowerStamped.h
Symlinking /home/duman/ducky_ws/devel/include/duckietown_msgs/IntersectionPoseImg.h
Symlinking /home/duman/ducky_ws/devel/include/duckietown_msgs/DiagnosticsRosNode.h
Symlinking /home/duman/ducky_ws/devel/include/duckietown_msgs/SceneSegments.h
Symlinking /home/duman/ducky_ws/devel/include/duckietown_msgs/DisplayFragment.h
Symlinking /home/duman/ducky_ws/devel/include/duckietown_msgs/SetVariableRequest.h
Symlinking /home/duman/ducky_ws/devel/include/duckietown_msgs/DiagnosticsRosTopicArray.h
Symlinking /home/duman/ducky_ws/devel/include/duckietown_msgs/LanePose.h
Symlinking /home/duman/ducky_ws/devel/include/duckietown_msgs/ThetaDotSample.h
Symlinking /home/duman/ducky_ws/devel/include/duckietown_msgs/WheelsCmdDBV2Stamped.h
Symlinking /home/duman/ducky_ws/devel/include/duckietown_msgs/DiagnosticsRosParameterArray.h
Symlinking /home/duman/ducky_ws/devel/include/duckietown_msgs/LFstatusRequest.h
Symlinking /home/duman/ducky_ws/devel/include/duckietown_msgs/AprilTagDetection.h
Symlinking /home/duman/ducky_ws/devel/include/duckietown_msgs/SignalsDetectionETHZ17.h
Symlinking /home/duman/ducky_ws/devel/include/duckietown_msgs/Trajectory.h
Symlinking /home/duman/ducky_ws/devel/include/duckietown_msgs/TagInfo.h
Symlinking /home/duman/ducky_ws/devel/include/duckietown_msgs/DiagnosticsRosTopic.h
Symlinking /home/duman/ducky_ws/devel/include/duckietown_msgs/LFstatusResponse.h
Symlinking /home/duman/ducky_ws/devel/include/duckietown_msgs/ObstacleProjectedDetectionList.h
Symlinking /home/duman/ducky_ws/devel/include/duckietown_msgs/NodeParameter.h
Symlinking /home/duman/ducky_ws/devel/include/duckietown_msgs/LightSensor.h
Symlinking /home/duman/ducky_ws/devel/include/duckietown_msgs/GetVariableResponse.h
Symlinking /home/duman/ducky_ws/devel/include/duckietown_msgs/ChangePattern.h
Symlinking /home/duman/ducky_ws/devel/include/duckietown_msgs/DiagnosticsRosLink.h
Symlinking /home/duman/ducky_ws/devel/include/duckietown_msgs/SegmentList.h
Symlinking /home/duman/ducky_ws/devel/include/duckietown_msgs/NodeGetParamsListRequest.h
Symlinking /home/duman/ducky_ws/devel/include/duckietown_msgs/Rects.h
Symlinking /home/duman/ducky_ws/devel/include/duckietown_msgs/SetCustomLEDPattern.h
Symlinking /home/duman/ducky_ws/devel/include/duckietown_msgs/GetVariableRequest.h
Symlinking /home/duman/ducky_ws/devel/include/duckietown_msgs/SetFSMState.h
Symlinking /home/duman/ducky_ws/devel/include/duckietown_msgs/DroneControl.h
Symlinking /home/duman/ducky_ws/devel/include/duckietown_msgs/SetCustomLEDPatternResponse.h
Symlinking /home/duman/ducky_ws/devel/include/duckietown_msgs/TurnIDandType.h
Symlinking /home/duman/ducky_ws/devel/include/duckietown_msgs/CoordinationSignal.h
Symlinking /home/duman/ducky_ws/devel/include/duckietown_msgs/Pose2DStamped.h
Symlinking /home/duman/ducky_ws/devel/include/duckietown_msgs/WheelEncoderStamped.h
Symlinking /home/duman/ducky_ws/devel/include/duckietown_msgs/NodeGetParamsListResponse.h
Symlinking /home/duman/ducky_ws/devel/include/duckietown_msgs/SetValue.h
Symlinking /home/duman/ducky_ws/devel/include/duckietown_msgs/DiagnosticsCodeProfilingArray.h
Symlinking /home/duman/ducky_ws/devel/include/duckietown_msgs/Vector2D.h
Symlinking /home/duman/ducky_ws/devel/include/duckietown_msgs/ObstacleImageDetectionList.h
Symlinking /home/duman/ducky_ws/devel/include/duckietown_msgs/ObstacleImageDetection.h
Symlinking /home/duman/ducky_ws/devel/include/duckietown_msgs/NodeGetParamsList.h
Symlinking /home/duman/ducky_ws/devel/include/duckietown_msgs/IMUstatusResponse.h
Symlinking /home/duman/ducky_ws/devel/include/duckietown_msgs/NodeRequestParamsUpdateResponse.h
Symlinking /home/duman/ducky_ws/devel/include/duckietown_msgs/AprilTagDetectionArray.h
Symlinking /home/duman/ducky_ws/devel/include/duckietown_msgs/IMUstatusRequest.h
Symlinking /home/duman/ducky_ws/devel/include/duckietown_msgs/BoolStamped.h
Symlinking /home/duman/ducky_ws/devel/include/duckietown_msgs/AntiInstagramThresholds.h
Symlinking /home/duman/ducky_ws/devel/include/duckietown_msgs/SensorsStatus.h
Symlinking /home/duman/ducky_ws/devel/include/duckietown_msgs/ToFstatusRequest.h
Symlinking /home/duman/ducky_ws/devel/include/duckietown_msgs/EncoderStamped.h
Symlinking /home/duman/ducky_ws/devel/include/duckietown_msgs/SetCustomLEDPatternRequest.h
Symlinking /home/duman/ducky_ws/devel/include/duckietown_msgs/DroneMode.h
Symlinking /home/duman/ducky_ws/devel/include/duckietown_msgs/ObstacleProjectedDetection.h
Symlinking /home/duman/ducky_ws/devel/include/duckietown_msgs/LFstatus.h
Symlinking /home/duman/ducky_ws/devel/include/duckietown_msgs/WheelsCmdStamped.h
Symlinking /home/duman/ducky_ws/devel/include/duckietown_msgs/NodeRequestParamsUpdateRequest.h
Symlinking /home/duman/ducky_ws/devel/share/common-lisp/ros/duckietown_msgs/msg/ObstacleImageDetection.lisp
Symlinking /home/duman/ducky_ws/devel/share/common-lisp/ros/duckietown_msgs/msg/ObstacleProjectedDetectionList.lisp
Symlinking /home/duman/ducky_ws/devel/share/common-lisp/ros/duckietown_msgs/msg/AntiInstagramThresholds.lisp
Symlinking /home/duman/ducky_ws/devel/share/common-lisp/ros/duckietown_msgs/msg/_package_IntersectionPose.lisp
Symlinking /home/duman/ducky_ws/devel/share/common-lisp/ros/duckietown_msgs/msg/_package_DiagnosticsRosParameterArray.lisp
Symlinking /home/duman/ducky_ws/devel/share/common-lisp/ros/duckietown_msgs/msg/DiagnosticsRosTopicArray.lisp
Symlinking /home/duman/ducky_ws/devel/share/common-lisp/ros/duckietown_msgs/msg/IntersectionPose.lisp
Symlinking /home/duman/ducky_ws/devel/share/common-lisp/ros/duckietown_msgs/msg/_package_Twist2DStamped.lisp
Symlinking /home/duman/ducky_ws/devel/share/common-lisp/ros/duckietown_msgs/msg/CoordinationSignal.lisp
Symlinking /home/duman/ducky_ws/devel/share/common-lisp/ros/duckietown_msgs/msg/_package_CoordinationSignal.lisp
Symlinking /home/duman/ducky_ws/devel/share/common-lisp/ros/duckietown_msgs/msg/LineFollowerStamped.lisp
Symlinking /home/duman/ducky_ws/devel/share/common-lisp/ros/duckietown_msgs/msg/_package_CarControl.lisp
Symlinking /home/duman/ducky_ws/devel/share/common-lisp/ros/duckietown_msgs/msg/_package_DroneMode.lisp
Symlinking /home/duman/ducky_ws/devel/share/common-lisp/ros/duckietown_msgs/msg/_package_ObstacleType.lisp
Symlinking /home/duman/ducky_ws/devel/share/common-lisp/ros/duckietown_msgs/msg/VehicleCorners.lisp
Symlinking /home/duman/ducky_ws/devel/share/common-lisp/ros/duckietown_msgs/msg/ObstacleImageDetectionList.lisp
Symlinking /home/duman/ducky_ws/devel/share/common-lisp/ros/duckietown_msgs/msg/DuckiebotLED.lisp
Symlinking /home/duman/ducky_ws/devel/share/common-lisp/ros/duckietown_msgs/msg/_package_WheelEncoderStamped.lisp
Symlinking /home/duman/ducky_ws/devel/share/common-lisp/ros/duckietown_msgs/msg/_package_Rects.lisp
Symlinking /home/duman/ducky_ws/devel/share/common-lisp/ros/duckietown_msgs/msg/SegmentList.lisp
Symlinking /home/duman/ducky_ws/devel/share/common-lisp/ros/duckietown_msgs/msg/_package_KinematicsWeights.lisp
Symlinking /home/duman/ducky_ws/devel/share/common-lisp/ros/duckietown_msgs/msg/_package_Rect.lisp
Symlinking /home/duman/ducky_ws/devel/share/common-lisp/ros/duckietown_msgs/msg/_package_TurnIDandType.lisp
Symlinking /home/duman/ducky_ws/devel/share/common-lisp/ros/duckietown_msgs/msg/_package_NodeParameter.lisp
Symlinking /home/duman/ducky_ws/devel/share/common-lisp/ros/duckietown_msgs/msg/NodeParameter.lisp
Symlinking /home/duman/ducky_ws/devel/share/common-lisp/ros/duckietown_msgs/msg/LanePose.lisp
Symlinking /home/duman/ducky_ws/devel/share/common-lisp/ros/duckietown_msgs/msg/SignalsDetectionETHZ17.lisp
Symlinking /home/duman/ducky_ws/devel/share/common-lisp/ros/duckietown_msgs/msg/LightSensor.lisp
Symlinking /home/duman/ducky_ws/devel/share/common-lisp/ros/duckietown_msgs/msg/VehiclePose.lisp
Symlinking /home/duman/ducky_ws/devel/share/common-lisp/ros/duckietown_msgs/msg/_package_ButtonEvent.lisp
Symlinking /home/duman/ducky_ws/devel/share/common-lisp/ros/duckietown_msgs/msg/_package_WheelsCmd.lisp
Symlinking /home/duman/ducky_ws/devel/share/common-lisp/ros/duckietown_msgs/msg/Vector2D.lisp
Symlinking /home/duman/ducky_ws/devel/share/common-lisp/ros/duckietown_msgs/msg/_package_VehicleCorners.lisp
Symlinking /home/duman/ducky_ws/devel/share/common-lisp/ros/duckietown_msgs/msg/_package_EpisodeStart.lisp
Symlinking /home/duman/ducky_ws/devel/share/common-lisp/ros/duckietown_msgs/msg/DroneControl.lisp
Symlinking /home/duman/ducky_ws/devel/share/common-lisp/ros/duckietown_msgs/msg/duckietown_msgs-msg.asd
Symlinking /home/duman/ducky_ws/devel/share/common-lisp/ros/duckietown_msgs/msg/Rects.lisp
Symlinking /home/duman/ducky_ws/devel/share/common-lisp/ros/duckietown_msgs/msg/_package_LEDInterpreter.lisp
Symlinking /home/duman/ducky_ws/devel/share/common-lisp/ros/duckietown_msgs/msg/_package_KinematicsParameters.lisp
Symlinking /home/duman/ducky_ws/devel/share/common-lisp/ros/duckietown_msgs/msg/_package_DiagnosticsCodeProfiling.lisp
Symlinking /home/duman/ducky_ws/devel/share/common-lisp/ros/duckietown_msgs/msg/_package_LEDDetectionDebugInfo.lisp
Symlinking /home/duman/ducky_ws/devel/share/common-lisp/ros/duckietown_msgs/msg/ButtonEvent.lisp
Symlinking /home/duman/ducky_ws/devel/share/common-lisp/ros/duckietown_msgs/msg/WheelEncoderStamped.lisp
Symlinking /home/duman/ducky_ws/devel/share/common-lisp/ros/duckietown_msgs/msg/DiagnosticsCodeProfilingArray.lisp
Symlinking /home/duman/ducky_ws/devel/share/common-lisp/ros/duckietown_msgs/msg/LEDDetectionDebugInfo.lisp
Symlinking /home/duman/ducky_ws/devel/share/common-lisp/ros/duckietown_msgs/msg/_package_SourceTargetNodes.lisp
Symlinking /home/duman/ducky_ws/devel/share/common-lisp/ros/duckietown_msgs/msg/_package_TagInfo.lisp
Symlinking /home/duman/ducky_ws/devel/share/common-lisp/ros/duckietown_msgs/msg/DroneMode.lisp
Symlinking /home/duman/ducky_ws/devel/share/common-lisp/ros/duckietown_msgs/msg/_package_FSMState.lisp
Symlinking /home/duman/ducky_ws/devel/share/common-lisp/ros/duckietown_msgs/msg/_package_DiagnosticsCodeProfilingArray.lisp
Symlinking /home/duman/ducky_ws/devel/share/common-lisp/ros/duckietown_msgs/msg/ThetaDotSample.lisp
Symlinking /home/duman/ducky_ws/devel/share/common-lisp/ros/duckietown_msgs/msg/_package_AprilTagDetection.lisp
Symlinking /home/duman/ducky_ws/devel/share/common-lisp/ros/duckietown_msgs/msg/StopLineReading.lisp
Symlinking /home/duman/ducky_ws/devel/share/common-lisp/ros/duckietown_msgs/msg/_package_MaintenanceState.lisp
Symlinking /home/duman/ducky_ws/devel/share/common-lisp/ros/duckietown_msgs/msg/_package_CoordinationClearance.lisp
Symlinking /home/duman/ducky_ws/devel/share/common-lisp/ros/duckietown_msgs/msg/_package_DiagnosticsRosTopicArray.lisp
Symlinking /home/duman/ducky_ws/devel/share/common-lisp/ros/duckietown_msgs/msg/_package_DiagnosticsRosLinkArray.lisp
Symlinking /home/duman/ducky_ws/devel/share/common-lisp/ros/duckietown_msgs/msg/_package_DiagnosticsRosLink.lisp
Symlinking /home/duman/ducky_ws/devel/share/common-lisp/ros/duckietown_msgs/msg/_package_WheelsCmdDBV2Stamped.lisp
Symlinking /home/duman/ducky_ws/devel/share/common-lisp/ros/duckietown_msgs/msg/LEDDetectionArray.lisp
Symlinking /home/duman/ducky_ws/devel/share/common-lisp/ros/duckietown_msgs/msg/Vsample.lisp
Symlinking /home/duman/ducky_ws/devel/share/common-lisp/ros/duckietown_msgs/msg/_package_DuckiebotLED.lisp
Symlinking /home/duman/ducky_ws/devel/share/common-lisp/ros/duckietown_msgs/msg/_package_LEDPattern.lisp
Symlinking /home/duman/ducky_ws/devel/share/common-lisp/ros/duckietown_msgs/msg/_package_LanePose.lisp
Symlinking /home/duman/ducky_ws/devel/share/common-lisp/ros/duckietown_msgs/msg/AprilTagDetection.lisp
Symlinking /home/duman/ducky_ws/devel/share/common-lisp/ros/duckietown_msgs/msg/Pose2DStamped.lisp
Symlinking /home/duman/ducky_ws/devel/share/common-lisp/ros/duckietown_msgs/msg/LEDInterpreter.lisp
Symlinking /home/duman/ducky_ws/devel/share/common-lisp/ros/duckietown_msgs/msg/Segment.lisp
Symlinking /home/duman/ducky_ws/devel/share/common-lisp/ros/duckietown_msgs/msg/ParamTuner.lisp
Symlinking /home/duman/ducky_ws/devel/share/common-lisp/ros/duckietown_msgs/msg/_package_VehiclePose.lisp
Symlinking /home/duman/ducky_ws/devel/share/common-lisp/ros/duckietown_msgs/msg/LEDDetection.lisp
Symlinking /home/duman/ducky_ws/devel/share/common-lisp/ros/duckietown_msgs/msg/_package_EncoderStamped.lisp
Symlinking /home/duman/ducky_ws/devel/share/common-lisp/ros/duckietown_msgs/msg/FSMState.lisp
Symlinking /home/duman/ducky_ws/devel/share/common-lisp/ros/duckietown_msgs/msg/_package_SignalsDetection.lisp
Symlinking /home/duman/ducky_ws/devel/share/common-lisp/ros/duckietown_msgs/msg/DiagnosticsRosNode.lisp
Symlinking /home/duman/ducky_ws/devel/share/common-lisp/ros/duckietown_msgs/msg/_package_BoolStamped.lisp
Symlinking /home/duman/ducky_ws/devel/share/common-lisp/ros/duckietown_msgs/msg/_package_WheelsCmdStamped.lisp
Symlinking /home/duman/ducky_ws/devel/share/common-lisp/ros/duckietown_msgs/msg/_package_Pose2DStamped.lisp
Symlinking /home/duman/ducky_ws/devel/share/common-lisp/ros/duckietown_msgs/msg/SignalsDetection.lisp
Symlinking /home/duman/ducky_ws/devel/share/common-lisp/ros/duckietown_msgs/msg/_package_IntersectionPoseImgDebug.lisp
Symlinking /home/duman/ducky_ws/devel/share/common-lisp/ros/duckietown_msgs/msg/_package_Segment.lisp
Symlinking /home/duman/ducky_ws/devel/share/common-lisp/ros/duckietown_msgs/msg/SceneSegments.lisp
Symlinking /home/duman/ducky_ws/devel/share/common-lisp/ros/duckietown_msgs/msg/_package_SceneSegments.lisp
Symlinking /home/duman/ducky_ws/devel/share/common-lisp/ros/duckietown_msgs/msg/_package.lisp
Symlinking /home/duman/ducky_ws/devel/share/common-lisp/ros/duckietown_msgs/msg/MaintenanceState.lisp
Symlinking /home/duman/ducky_ws/devel/share/common-lisp/ros/duckietown_msgs/msg/_package_ObstacleImageDetectionList.lisp
Symlinking /home/duman/ducky_ws/devel/share/common-lisp/ros/duckietown_msgs/msg/Pixel.lisp
Symlinking /home/duman/ducky_ws/devel/share/common-lisp/ros/duckietown_msgs/msg/_package_DiagnosticsRosTopic.lisp
Symlinking /home/duman/ducky_ws/devel/share/common-lisp/ros/duckietown_msgs/msg/Rect.lisp
Symlinking /home/duman/ducky_ws/devel/share/common-lisp/ros/duckietown_msgs/msg/TagInfo.lisp
Symlinking /home/duman/ducky_ws/devel/share/common-lisp/ros/duckietown_msgs/msg/_package_IntersectionPoseImg.lisp
Symlinking /home/duman/ducky_ws/devel/share/common-lisp/ros/duckietown_msgs/msg/_package_StopLineReading.lisp
Symlinking /home/duman/ducky_ws/devel/share/common-lisp/ros/duckietown_msgs/msg/ObstacleType.lisp
Symlinking /home/duman/ducky_ws/devel/share/common-lisp/ros/duckietown_msgs/msg/_package_AprilTagDetectionArray.lisp
Symlinking /home/duman/ducky_ws/devel/share/common-lisp/ros/duckietown_msgs/msg/DiagnosticsRosLinkArray.lisp
Symlinking /home/duman/ducky_ws/devel/share/common-lisp/ros/duckietown_msgs/msg/WheelsCmd.lisp
Symlinking /home/duman/ducky_ws/devel/share/common-lisp/ros/duckietown_msgs/msg/_package_ParamTuner.lisp
Symlinking /home/duman/ducky_ws/devel/share/common-lisp/ros/duckietown_msgs/msg/ObstacleProjectedDetection.lisp
Symlinking /home/duman/ducky_ws/devel/share/common-lisp/ros/duckietown_msgs/msg/DiagnosticsRosLink.lisp
Symlinking /home/duman/ducky_ws/devel/share/common-lisp/ros/duckietown_msgs/msg/_package_DroneControl.lisp
Symlinking /home/duman/ducky_ws/devel/share/common-lisp/ros/duckietown_msgs/msg/_package_SignalsDetectionETHZ17.lisp
Symlinking /home/duman/ducky_ws/devel/share/common-lisp/ros/duckietown_msgs/msg/DiagnosticsRosParameterArray.lisp
Symlinking /home/duman/ducky_ws/devel/share/common-lisp/ros/duckietown_msgs/msg/DiagnosticsCodeProfiling.lisp
Symlinking /home/duman/ducky_ws/devel/share/common-lisp/ros/duckietown_msgs/msg/LEDPattern.lisp
Symlinking /home/duman/ducky_ws/devel/share/common-lisp/ros/duckietown_msgs/msg/WheelsCmdStamped.lisp
Symlinking /home/duman/ducky_ws/devel/share/common-lisp/ros/duckietown_msgs/msg/EncoderStamped.lisp
Symlinking /home/duman/ducky_ws/devel/share/common-lisp/ros/duckietown_msgs/msg/_package_Vector2D.lisp
Symlinking /home/duman/ducky_ws/devel/share/common-lisp/ros/duckietown_msgs/msg/_package_DiagnosticsRosNode.lisp
Symlinking /home/duman/ducky_ws/devel/share/common-lisp/ros/duckietown_msgs/msg/_package_LineFollowerStamped.lisp
Symlinking /home/duman/ducky_ws/devel/share/common-lisp/ros/duckietown_msgs/msg/_package_ObstacleImageDetection.lisp
Symlinking /home/duman/ducky_ws/devel/share/common-lisp/ros/duckietown_msgs/msg/Trajectory.lisp
Symlinking /home/duman/ducky_ws/devel/share/common-lisp/ros/duckietown_msgs/msg/IntersectionPoseImg.lisp
Symlinking /home/duman/ducky_ws/devel/share/common-lisp/ros/duckietown_msgs/msg/KinematicsWeights.lisp
Symlinking /home/duman/ducky_ws/devel/share/common-lisp/ros/duckietown_msgs/msg/_package_Vsample.lisp
Symlinking /home/duman/ducky_ws/devel/share/common-lisp/ros/duckietown_msgs/msg/Twist2DStamped.lisp
Symlinking /home/duman/ducky_ws/devel/share/common-lisp/ros/duckietown_msgs/msg/CarControl.lisp
Symlinking /home/duman/ducky_ws/devel/share/common-lisp/ros/duckietown_msgs/msg/_package_AntiInstagramThresholds.lisp
Symlinking /home/duman/ducky_ws/devel/share/common-lisp/ros/duckietown_msgs/msg/DisplayFragment.lisp
Symlinking /home/duman/ducky_ws/devel/share/common-lisp/ros/duckietown_msgs/msg/_package_ObstacleProjectedDetectionList.lisp
Symlinking /home/duman/ducky_ws/devel/share/common-lisp/ros/duckietown_msgs/msg/_package_LightSensor.lisp
Symlinking /home/duman/ducky_ws/devel/share/common-lisp/ros/duckietown_msgs/msg/WheelsCmdDBV2Stamped.lisp
Symlinking /home/duman/ducky_ws/devel/share/common-lisp/ros/duckietown_msgs/msg/BoolStamped.lisp
Symlinking /home/duman/ducky_ws/devel/share/common-lisp/ros/duckietown_msgs/msg/IntersectionPoseImgDebug.lisp
Symlinking /home/duman/ducky_ws/devel/share/common-lisp/ros/duckietown_msgs/msg/DiagnosticsRosTopic.lisp
Symlinking /home/duman/ducky_ws/devel/share/common-lisp/ros/duckietown_msgs/msg/_package_SegmentList.lisp
Symlinking /home/duman/ducky_ws/devel/share/common-lisp/ros/duckietown_msgs/msg/AprilTagDetectionArray.lisp
Symlinking /home/duman/ducky_ws/devel/share/common-lisp/ros/duckietown_msgs/msg/SourceTargetNodes.lisp
Symlinking /home/duman/ducky_ws/devel/share/common-lisp/ros/duckietown_msgs/msg/TurnIDandType.lisp
Symlinking /home/duman/ducky_ws/devel/share/common-lisp/ros/duckietown_msgs/msg/_package_LEDDetection.lisp
Symlinking /home/duman/ducky_ws/devel/share/common-lisp/ros/duckietown_msgs/msg/EpisodeStart.lisp
Symlinking /home/duman/ducky_ws/devel/share/common-lisp/ros/duckietown_msgs/msg/_package_ThetaDotSample.lisp
Symlinking /home/duman/ducky_ws/devel/share/common-lisp/ros/duckietown_msgs/msg/AprilTagsWithInfos.lisp
Symlinking /home/duman/ducky_ws/devel/share/common-lisp/ros/duckietown_msgs/msg/_package_AprilTagsWithInfos.lisp
Symlinking /home/duman/ducky_ws/devel/share/common-lisp/ros/duckietown_msgs/msg/KinematicsParameters.lisp
Symlinking /home/duman/ducky_ws/devel/share/common-lisp/ros/duckietown_msgs/msg/CoordinationClearance.lisp
Symlinking /home/duman/ducky_ws/devel/share/common-lisp/ros/duckietown_msgs/msg/_package_LEDDetectionArray.lisp
Symlinking /home/duman/ducky_ws/devel/share/common-lisp/ros/duckietown_msgs/msg/_package_DisplayFragment.lisp
Symlinking /home/duman/ducky_ws/devel/share/common-lisp/ros/duckietown_msgs/msg/_package_Pixel.lisp
Symlinking /home/duman/ducky_ws/devel/share/common-lisp/ros/duckietown_msgs/msg/_package_Trajectory.lisp
Symlinking /home/duman/ducky_ws/devel/share/common-lisp/ros/duckietown_msgs/msg/_package_ObstacleProjectedDetection.lisp
Symlinking /home/duman/ducky_ws/devel/share/common-lisp/ros/duckietown_msgs/srv/SetVariable.lisp
Symlinking /home/duman/ducky_ws/devel/share/common-lisp/ros/duckietown_msgs/srv/duckietown_msgs-srv.asd
Symlinking /home/duman/ducky_ws/devel/share/common-lisp/ros/duckietown_msgs/srv/_package_SetValue.lisp
Symlinking /home/duman/ducky_ws/devel/share/common-lisp/ros/duckietown_msgs/srv/_package_ToFstatus.lisp
Symlinking /home/duman/ducky_ws/devel/share/common-lisp/ros/duckietown_msgs/srv/ToFstatus.lisp
Symlinking /home/duman/ducky_ws/devel/share/common-lisp/ros/duckietown_msgs/srv/_package_ChangePattern.lisp
Symlinking /home/duman/ducky_ws/devel/share/common-lisp/ros/duckietown_msgs/srv/_package_SensorsStatus.lisp
Symlinking /home/duman/ducky_ws/devel/share/common-lisp/ros/duckietown_msgs/srv/SetValue.lisp
Symlinking /home/duman/ducky_ws/devel/share/common-lisp/ros/duckietown_msgs/srv/GetVariable.lisp
Symlinking /home/duman/ducky_ws/devel/share/common-lisp/ros/duckietown_msgs/srv/_package_SetVariable.lisp
Symlinking /home/duman/ducky_ws/devel/share/common-lisp/ros/duckietown_msgs/srv/_package_NodeGetParamsList.lisp
Symlinking /home/duman/ducky_ws/devel/share/common-lisp/ros/duckietown_msgs/srv/NodeRequestParamsUpdate.lisp
Symlinking /home/duman/ducky_ws/devel/share/common-lisp/ros/duckietown_msgs/srv/_package_IMUstatus.lisp
Symlinking /home/duman/ducky_ws/devel/share/common-lisp/ros/duckietown_msgs/srv/_package.lisp
Symlinking /home/duman/ducky_ws/devel/share/common-lisp/ros/duckietown_msgs/srv/NodeGetParamsList.lisp
Symlinking /home/duman/ducky_ws/devel/share/common-lisp/ros/duckietown_msgs/srv/SensorsStatus.lisp
Symlinking /home/duman/ducky_ws/devel/share/common-lisp/ros/duckietown_msgs/srv/_package_SetCustomLEDPattern.lisp
Symlinking /home/duman/ducky_ws/devel/share/common-lisp/ros/duckietown_msgs/srv/IMUstatus.lisp
Symlinking /home/duman/ducky_ws/devel/share/common-lisp/ros/duckietown_msgs/srv/SetCustomLEDPattern.lisp
Symlinking /home/duman/ducky_ws/devel/share/common-lisp/ros/duckietown_msgs/srv/LFstatus.lisp
Symlinking /home/duman/ducky_ws/devel/share/common-lisp/ros/duckietown_msgs/srv/_package_NodeRequestParamsUpdate.lisp
Symlinking /home/duman/ducky_ws/devel/share/common-lisp/ros/duckietown_msgs/srv/SetFSMState.lisp
Symlinking /home/duman/ducky_ws/devel/share/common-lisp/ros/duckietown_msgs/srv/_package_SetFSMState.lisp
Symlinking /home/duman/ducky_ws/devel/share/common-lisp/ros/duckietown_msgs/srv/ChangePattern.lisp
Symlinking /home/duman/ducky_ws/devel/share/common-lisp/ros/duckietown_msgs/srv/_package_LFstatus.lisp
Symlinking /home/duman/ducky_ws/devel/share/common-lisp/ros/duckietown_msgs/srv/_package_GetVariable.lisp
Symlinking /home/duman/ducky_ws/devel/share/roseus/ros/duckietown_msgs/manifest.l
Symlinking /home/duman/ducky_ws/devel/share/roseus/ros/duckietown_msgs/msg/LEDDetection.l
Symlinking /home/duman/ducky_ws/devel/share/roseus/ros/duckietown_msgs/msg/IntersectionPose.l
Symlinking /home/duman/ducky_ws/devel/share/roseus/ros/duckietown_msgs/msg/ThetaDotSample.l
Symlinking /home/duman/ducky_ws/devel/share/roseus/ros/duckietown_msgs/msg/AprilTagDetectionArray.l
Symlinking /home/duman/ducky_ws/devel/share/roseus/ros/duckietown_msgs/msg/EpisodeStart.l
Symlinking /home/duman/ducky_ws/devel/share/roseus/ros/duckietown_msgs/msg/FSMState.l
Symlinking /home/duman/ducky_ws/devel/share/roseus/ros/duckietown_msgs/msg/CarControl.l
Symlinking /home/duman/ducky_ws/devel/share/roseus/ros/duckietown_msgs/msg/DiagnosticsRosParameterArray.l
Symlinking /home/duman/ducky_ws/devel/share/roseus/ros/duckietown_msgs/msg/TagInfo.l
Symlinking /home/duman/ducky_ws/devel/share/roseus/ros/duckietown_msgs/msg/MaintenanceState.l
Symlinking /home/duman/ducky_ws/devel/share/roseus/ros/duckietown_msgs/msg/ObstacleProjectedDetection.l
Symlinking /home/duman/ducky_ws/devel/share/roseus/ros/duckietown_msgs/msg/DiagnosticsRosTopic.l
Symlinking /home/duman/ducky_ws/devel/share/roseus/ros/duckietown_msgs/msg/DiagnosticsRosNode.l
Symlinking /home/duman/ducky_ws/devel/share/roseus/ros/duckietown_msgs/msg/AprilTagsWithInfos.l
Symlinking /home/duman/ducky_ws/devel/share/roseus/ros/duckietown_msgs/msg/Twist2DStamped.l
Symlinking /home/duman/ducky_ws/devel/share/roseus/ros/duckietown_msgs/msg/LEDInterpreter.l
Symlinking /home/duman/ducky_ws/devel/share/roseus/ros/duckietown_msgs/msg/LEDDetectionDebugInfo.l
Symlinking /home/duman/ducky_ws/devel/share/roseus/ros/duckietown_msgs/msg/EncoderStamped.l
Symlinking /home/duman/ducky_ws/devel/share/roseus/ros/duckietown_msgs/msg/DuckiebotLED.l
Symlinking /home/duman/ducky_ws/devel/share/roseus/ros/duckietown_msgs/msg/CoordinationSignal.l
Symlinking /home/duman/ducky_ws/devel/share/roseus/ros/duckietown_msgs/msg/CoordinationClearance.l
Symlinking /home/duman/ducky_ws/devel/share/roseus/ros/duckietown_msgs/msg/DiagnosticsCodeProfilingArray.l
Symlinking /home/duman/ducky_ws/devel/share/roseus/ros/duckietown_msgs/msg/DiagnosticsRosLink.l
Symlinking /home/duman/ducky_ws/devel/share/roseus/ros/duckietown_msgs/msg/SourceTargetNodes.l
Symlinking /home/duman/ducky_ws/devel/share/roseus/ros/duckietown_msgs/msg/Vsample.l
Symlinking /home/duman/ducky_ws/devel/share/roseus/ros/duckietown_msgs/msg/VehicleCorners.l
Symlinking /home/duman/ducky_ws/devel/share/roseus/ros/duckietown_msgs/msg/Rects.l
Symlinking /home/duman/ducky_ws/devel/share/roseus/ros/duckietown_msgs/msg/WheelsCmd.l
Symlinking /home/duman/ducky_ws/devel/share/roseus/ros/duckietown_msgs/msg/IntersectionPoseImg.l
Symlinking /home/duman/ducky_ws/devel/share/roseus/ros/duckietown_msgs/msg/DroneControl.l
Symlinking /home/duman/ducky_ws/devel/share/roseus/ros/duckietown_msgs/msg/Trajectory.l
Symlinking /home/duman/ducky_ws/devel/share/roseus/ros/duckietown_msgs/msg/ObstacleImageDetectionList.l
Symlinking /home/duman/ducky_ws/devel/share/roseus/ros/duckietown_msgs/msg/SignalsDetectionETHZ17.l
Symlinking /home/duman/ducky_ws/devel/share/roseus/ros/duckietown_msgs/msg/ObstacleType.l
Symlinking /home/duman/ducky_ws/devel/share/roseus/ros/duckietown_msgs/msg/Pose2DStamped.l
Symlinking /home/duman/ducky_ws/devel/share/roseus/ros/duckietown_msgs/msg/ParamTuner.l
Symlinking /home/duman/ducky_ws/devel/share/roseus/ros/duckietown_msgs/msg/WheelsCmdStamped.l
Symlinking /home/duman/ducky_ws/devel/share/roseus/ros/duckietown_msgs/msg/DisplayFragment.l
Symlinking /home/duman/ducky_ws/devel/share/roseus/ros/duckietown_msgs/msg/AprilTagDetection.l
Symlinking /home/duman/ducky_ws/devel/share/roseus/ros/duckietown_msgs/msg/TurnIDandType.l
Symlinking /home/duman/ducky_ws/devel/share/roseus/ros/duckietown_msgs/msg/NodeParameter.l
Symlinking /home/duman/ducky_ws/devel/share/roseus/ros/duckietown_msgs/msg/ObstacleImageDetection.l
Symlinking /home/duman/ducky_ws/devel/share/roseus/ros/duckietown_msgs/msg/DiagnosticsRosTopicArray.l
Symlinking /home/duman/ducky_ws/devel/share/roseus/ros/duckietown_msgs/msg/SignalsDetection.l
Symlinking /home/duman/ducky_ws/devel/share/roseus/ros/duckietown_msgs/msg/ObstacleProjectedDetectionList.l
Symlinking /home/duman/ducky_ws/devel/share/roseus/ros/duckietown_msgs/msg/Rect.l
Symlinking /home/duman/ducky_ws/devel/share/roseus/ros/duckietown_msgs/msg/Segment.l
Symlinking /home/duman/ducky_ws/devel/share/roseus/ros/duckietown_msgs/msg/AntiInstagramThresholds.l
Symlinking /home/duman/ducky_ws/devel/share/roseus/ros/duckietown_msgs/msg/DiagnosticsRosLinkArray.l
Symlinking /home/duman/ducky_ws/devel/share/roseus/ros/duckietown_msgs/msg/IntersectionPoseImgDebug.l
Symlinking /home/duman/ducky_ws/devel/share/roseus/ros/duckietown_msgs/msg/SceneSegments.l
Symlinking /home/duman/ducky_ws/devel/share/roseus/ros/duckietown_msgs/msg/LEDPattern.l
Symlinking /home/duman/ducky_ws/devel/share/roseus/ros/duckietown_msgs/msg/BoolStamped.l
Symlinking /home/duman/ducky_ws/devel/share/roseus/ros/duckietown_msgs/msg/WheelsCmdDBV2Stamped.l
Symlinking /home/duman/ducky_ws/devel/share/roseus/ros/duckietown_msgs/msg/KinematicsWeights.l
Symlinking /home/duman/ducky_ws/devel/share/roseus/ros/duckietown_msgs/msg/ButtonEvent.l
Symlinking /home/duman/ducky_ws/devel/share/roseus/ros/duckietown_msgs/msg/LEDDetectionArray.l
Symlinking /home/duman/ducky_ws/devel/share/roseus/ros/duckietown_msgs/msg/VehiclePose.l
Symlinking /home/duman/ducky_ws/devel/share/roseus/ros/duckietown_msgs/msg/LightSensor.l
Symlinking /home/duman/ducky_ws/devel/share/roseus/ros/duckietown_msgs/msg/DiagnosticsCodeProfiling.l
Symlinking /home/duman/ducky_ws/devel/share/roseus/ros/duckietown_msgs/msg/Pixel.l
Symlinking /home/duman/ducky_ws/devel/share/roseus/ros/duckietown_msgs/msg/WheelEncoderStamped.l
Symlinking /home/duman/ducky_ws/devel/share/roseus/ros/duckietown_msgs/msg/LineFollowerStamped.l
Symlinking /home/duman/ducky_ws/devel/share/roseus/ros/duckietown_msgs/msg/Vector2D.l
Symlinking /home/duman/ducky_ws/devel/share/roseus/ros/duckietown_msgs/msg/StopLineReading.l
Symlinking /home/duman/ducky_ws/devel/share/roseus/ros/duckietown_msgs/msg/LanePose.l
Symlinking /home/duman/ducky_ws/devel/share/roseus/ros/duckietown_msgs/msg/KinematicsParameters.l
Symlinking /home/duman/ducky_ws/devel/share/roseus/ros/duckietown_msgs/msg/DroneMode.l
Symlinking /home/duman/ducky_ws/devel/share/roseus/ros/duckietown_msgs/msg/SegmentList.l
Symlinking /home/duman/ducky_ws/devel/share/roseus/ros/duckietown_msgs/srv/NodeRequestParamsUpdate.l
Symlinking /home/duman/ducky_ws/devel/share/roseus/ros/duckietown_msgs/srv/IMUstatus.l
Symlinking /home/duman/ducky_ws/devel/share/roseus/ros/duckietown_msgs/srv/ToFstatus.l
Symlinking /home/duman/ducky_ws/devel/share/roseus/ros/duckietown_msgs/srv/SetCustomLEDPattern.l
Symlinking /home/duman/ducky_ws/devel/share/roseus/ros/duckietown_msgs/srv/NodeGetParamsList.l
Symlinking /home/duman/ducky_ws/devel/share/roseus/ros/duckietown_msgs/srv/SetFSMState.l
Symlinking /home/duman/ducky_ws/devel/share/roseus/ros/duckietown_msgs/srv/SensorsStatus.l
Symlinking /home/duman/ducky_ws/devel/share/roseus/ros/duckietown_msgs/srv/SetVariable.l
Symlinking /home/duman/ducky_ws/devel/share/roseus/ros/duckietown_msgs/srv/GetVariable.l
Symlinking /home/duman/ducky_ws/devel/share/roseus/ros/duckietown_msgs/srv/ChangePattern.l
Symlinking /home/duman/ducky_ws/devel/share/roseus/ros/duckietown_msgs/srv/SetValue.l
Symlinking /home/duman/ducky_ws/devel/share/roseus/ros/duckietown_msgs/srv/LFstatus.l
Symlinking /home/duman/ducky_ws/devel/share/gennodejs/ros/duckietown_msgs/_index.js
Symlinking /home/duman/ducky_ws/devel/share/gennodejs/ros/duckietown_msgs/msg/SegmentList.js
Symlinking /home/duman/ducky_ws/devel/share/gennodejs/ros/duckietown_msgs/msg/EpisodeStart.js
Symlinking /home/duman/ducky_ws/devel/share/gennodejs/ros/duckietown_msgs/msg/KinematicsWeights.js
Symlinking /home/duman/ducky_ws/devel/share/gennodejs/ros/duckietown_msgs/msg/TagInfo.js
Symlinking /home/duman/ducky_ws/devel/share/gennodejs/ros/duckietown_msgs/msg/TurnIDandType.js
Symlinking /home/duman/ducky_ws/devel/share/gennodejs/ros/duckietown_msgs/msg/AntiInstagramThresholds.js
Symlinking /home/duman/ducky_ws/devel/share/gennodejs/ros/duckietown_msgs/msg/Vsample.js
Symlinking /home/duman/ducky_ws/devel/share/gennodejs/ros/duckietown_msgs/msg/Rect.js
Symlinking /home/duman/ducky_ws/devel/share/gennodejs/ros/duckietown_msgs/msg/ParamTuner.js
Symlinking /home/duman/ducky_ws/devel/share/gennodejs/ros/duckietown_msgs/msg/MaintenanceState.js
Symlinking /home/duman/ducky_ws/devel/share/gennodejs/ros/duckietown_msgs/msg/BoolStamped.js
Symlinking /home/duman/ducky_ws/devel/share/gennodejs/ros/duckietown_msgs/msg/SceneSegments.js
Symlinking /home/duman/ducky_ws/devel/share/gennodejs/ros/duckietown_msgs/msg/LEDPattern.js
Symlinking /home/duman/ducky_ws/devel/share/gennodejs/ros/duckietown_msgs/msg/AprilTagsWithInfos.js
Symlinking /home/duman/ducky_ws/devel/share/gennodejs/ros/duckietown_msgs/msg/AprilTagDetectionArray.js
Symlinking /home/duman/ducky_ws/devel/share/gennodejs/ros/duckietown_msgs/msg/_index.js
Symlinking /home/duman/ducky_ws/devel/share/gennodejs/ros/duckietown_msgs/msg/SignalsDetectionETHZ17.js
Symlinking /home/duman/ducky_ws/devel/share/gennodejs/ros/duckietown_msgs/msg/CoordinationClearance.js
Symlinking /home/duman/ducky_ws/devel/share/gennodejs/ros/duckietown_msgs/msg/Twist2DStamped.js
Symlinking /home/duman/ducky_ws/devel/share/gennodejs/ros/duckietown_msgs/msg/ObstacleType.js
Symlinking /home/duman/ducky_ws/devel/share/gennodejs/ros/duckietown_msgs/msg/DisplayFragment.js
Symlinking /home/duman/ducky_ws/devel/share/gennodejs/ros/duckietown_msgs/msg/Vector2D.js
Symlinking /home/duman/ducky_ws/devel/share/gennodejs/ros/duckietown_msgs/msg/ObstacleProjectedDetectionList.js
Symlinking /home/duman/ducky_ws/devel/share/gennodejs/ros/duckietown_msgs/msg/ButtonEvent.js
Symlinking /home/duman/ducky_ws/devel/share/gennodejs/ros/duckietown_msgs/msg/VehiclePose.js
Symlinking /home/duman/ducky_ws/devel/share/gennodejs/ros/duckietown_msgs/msg/DiagnosticsRosLinkArray.js
Symlinking /home/duman/ducky_ws/devel/share/gennodejs/ros/duckietown_msgs/msg/SourceTargetNodes.js
Symlinking /home/duman/ducky_ws/devel/share/gennodejs/ros/duckietown_msgs/msg/EncoderStamped.js
Symlinking /home/duman/ducky_ws/devel/share/gennodejs/ros/duckietown_msgs/msg/CarControl.js
Symlinking /home/duman/ducky_ws/devel/share/gennodejs/ros/duckietown_msgs/msg/Pixel.js
Symlinking /home/duman/ducky_ws/devel/share/gennodejs/ros/duckietown_msgs/msg/IntersectionPose.js
Symlinking /home/duman/ducky_ws/devel/share/gennodejs/ros/duckietown_msgs/msg/Pose2DStamped.js
Symlinking /home/duman/ducky_ws/devel/share/gennodejs/ros/duckietown_msgs/msg/LEDInterpreter.js
Symlinking /home/duman/ducky_ws/devel/share/gennodejs/ros/duckietown_msgs/msg/WheelsCmd.js
Symlinking /home/duman/ducky_ws/devel/share/gennodejs/ros/duckietown_msgs/msg/NodeParameter.js
Symlinking /home/duman/ducky_ws/devel/share/gennodejs/ros/duckietown_msgs/msg/LanePose.js
Symlinking /home/duman/ducky_ws/devel/share/gennodejs/ros/duckietown_msgs/msg/StopLineReading.js
Symlinking /home/duman/ducky_ws/devel/share/gennodejs/ros/duckietown_msgs/msg/ObstacleProjectedDetection.js
Symlinking /home/duman/ducky_ws/devel/share/gennodejs/ros/duckietown_msgs/msg/VehicleCorners.js
Symlinking /home/duman/ducky_ws/devel/share/gennodejs/ros/duckietown_msgs/msg/CoordinationSignal.js
Symlinking /home/duman/ducky_ws/devel/share/gennodejs/ros/duckietown_msgs/msg/DuckiebotLED.js
Symlinking /home/duman/ducky_ws/devel/share/gennodejs/ros/duckietown_msgs/msg/LEDDetectionDebugInfo.js
Symlinking /home/duman/ducky_ws/devel/share/gennodejs/ros/duckietown_msgs/msg/SignalsDetection.js
Symlinking /home/duman/ducky_ws/devel/share/gennodejs/ros/duckietown_msgs/msg/LightSensor.js
Symlinking /home/duman/ducky_ws/devel/share/gennodejs/ros/duckietown_msgs/msg/WheelsCmdStamped.js
Symlinking /home/duman/ducky_ws/devel/share/gennodejs/ros/duckietown_msgs/msg/ObstacleImageDetection.js
Symlinking /home/duman/ducky_ws/devel/share/gennodejs/ros/duckietown_msgs/msg/DiagnosticsRosLink.js
Symlinking /home/duman/ducky_ws/devel/share/gennodejs/ros/duckietown_msgs/msg/LEDDetection.js
Symlinking /home/duman/ducky_ws/devel/share/gennodejs/ros/duckietown_msgs/msg/DiagnosticsCodeProfilingArray.js
Symlinking /home/duman/ducky_ws/devel/share/gennodejs/ros/duckietown_msgs/msg/DiagnosticsRosTopic.js
Symlinking /home/duman/ducky_ws/devel/share/gennodejs/ros/duckietown_msgs/msg/LineFollowerStamped.js
Symlinking /home/duman/ducky_ws/devel/share/gennodejs/ros/duckietown_msgs/msg/Rects.js
Symlinking /home/duman/ducky_ws/devel/share/gennodejs/ros/duckietown_msgs/msg/DiagnosticsCodeProfiling.js
Symlinking /home/duman/ducky_ws/devel/share/gennodejs/ros/duckietown_msgs/msg/DiagnosticsRosParameterArray.js
Symlinking /home/duman/ducky_ws/devel/share/gennodejs/ros/duckietown_msgs/msg/LEDDetectionArray.js
Symlinking /home/duman/ducky_ws/devel/share/gennodejs/ros/duckietown_msgs/msg/DiagnosticsRosTopicArray.js
Symlinking /home/duman/ducky_ws/devel/share/gennodejs/ros/duckietown_msgs/msg/WheelsCmdDBV2Stamped.js
Symlinking /home/duman/ducky_ws/devel/share/gennodejs/ros/duckietown_msgs/msg/KinematicsParameters.js
Symlinking /home/duman/ducky_ws/devel/share/gennodejs/ros/duckietown_msgs/msg/IntersectionPoseImgDebug.js
Symlinking /home/duman/ducky_ws/devel/share/gennodejs/ros/duckietown_msgs/msg/IntersectionPoseImg.js
Symlinking /home/duman/ducky_ws/devel/share/gennodejs/ros/duckietown_msgs/msg/Trajectory.js
Symlinking /home/duman/ducky_ws/devel/share/gennodejs/ros/duckietown_msgs/msg/AprilTagDetection.js
Symlinking /home/duman/ducky_ws/devel/share/gennodejs/ros/duckietown_msgs/msg/DroneControl.js
Symlinking /home/duman/ducky_ws/devel/share/gennodejs/ros/duckietown_msgs/msg/ThetaDotSample.js
Symlinking /home/duman/ducky_ws/devel/share/gennodejs/ros/duckietown_msgs/msg/DiagnosticsRosNode.js
Symlinking /home/duman/ducky_ws/devel/share/gennodejs/ros/duckietown_msgs/msg/FSMState.js
Symlinking /home/duman/ducky_ws/devel/share/gennodejs/ros/duckietown_msgs/msg/DroneMode.js
Symlinking /home/duman/ducky_ws/devel/share/gennodejs/ros/duckietown_msgs/msg/Segment.js
Symlinking /home/duman/ducky_ws/devel/share/gennodejs/ros/duckietown_msgs/msg/ObstacleImageDetectionList.js
Symlinking /home/duman/ducky_ws/devel/share/gennodejs/ros/duckietown_msgs/msg/WheelEncoderStamped.js
Symlinking /home/duman/ducky_ws/devel/share/gennodejs/ros/duckietown_msgs/srv/SetCustomLEDPattern.js
Symlinking /home/duman/ducky_ws/devel/share/gennodejs/ros/duckietown_msgs/srv/SetValue.js
Symlinking /home/duman/ducky_ws/devel/share/gennodejs/ros/duckietown_msgs/srv/_index.js
Symlinking /home/duman/ducky_ws/devel/share/gennodejs/ros/duckietown_msgs/srv/SetFSMState.js
Symlinking /home/duman/ducky_ws/devel/share/gennodejs/ros/duckietown_msgs/srv/NodeRequestParamsUpdate.js
Symlinking /home/duman/ducky_ws/devel/share/gennodejs/ros/duckietown_msgs/srv/SensorsStatus.js
Symlinking /home/duman/ducky_ws/devel/share/gennodejs/ros/duckietown_msgs/srv/ChangePattern.js
Symlinking /home/duman/ducky_ws/devel/share/gennodejs/ros/duckietown_msgs/srv/ToFstatus.js
Symlinking /home/duman/ducky_ws/devel/share/gennodejs/ros/duckietown_msgs/srv/GetVariable.js
Symlinking /home/duman/ducky_ws/devel/share/gennodejs/ros/duckietown_msgs/srv/LFstatus.js
Symlinking /home/duman/ducky_ws/devel/share/gennodejs/ros/duckietown_msgs/srv/SetVariable.js
Symlinking /home/duman/ducky_ws/devel/share/gennodejs/ros/duckietown_msgs/srv/NodeGetParamsList.js
Symlinking /home/duman/ducky_ws/devel/share/gennodejs/ros/duckietown_msgs/srv/IMUstatus.js
Symlinking /home/duman/ducky_ws/devel/share/duckietown_msgs/cmake/duckietown_msgs-msg-paths.cmake
Symlinking /home/duman/ducky_ws/devel/share/duckietown_msgs/cmake/duckietown_msgsConfig.cmake
Symlinking /home/duman/ducky_ws/devel/share/duckietown_msgs/cmake/duckietown_msgsConfig-version.cmake
Symlinking /home/duman/ducky_ws/devel/share/duckietown_msgs/cmake/duckietown_msgs-msg-extras.cmake
Symlinking /home/duman/ducky_ws/devel/lib/pkgconfig/duckietown_msgs.pc
Symlinking /home/duman/ducky_ws/devel/lib/python3/dist-packages/duckietown_msgs/__init__.py
Symlinking /home/duman/ducky_ws/devel/lib/python3/dist-packages/duckietown_msgs/msg/_Rects.py
Symlinking /home/duman/ducky_ws/devel/lib/python3/dist-packages/duckietown_msgs/msg/_MaintenanceState.py
Symlinking /home/duman/ducky_ws/devel/lib/python3/dist-packages/duckietown_msgs/msg/_TurnIDandType.py
Symlinking /home/duman/ducky_ws/devel/lib/python3/dist-packages/duckietown_msgs/msg/_DiagnosticsRosTopic.py
Symlinking /home/duman/ducky_ws/devel/lib/python3/dist-packages/duckietown_msgs/msg/_DiagnosticsRosNode.py
Symlinking /home/duman/ducky_ws/devel/lib/python3/dist-packages/duckietown_msgs/msg/_AprilTagDetectionArray.py
Symlinking /home/duman/ducky_ws/devel/lib/python3/dist-packages/duckietown_msgs/msg/_IntersectionPose.py
Symlinking /home/duman/ducky_ws/devel/lib/python3/dist-packages/duckietown_msgs/msg/_IntersectionPoseImg.py
Symlinking /home/duman/ducky_ws/devel/lib/python3/dist-packages/duckietown_msgs/msg/_Trajectory.py
Symlinking /home/duman/ducky_ws/devel/lib/python3/dist-packages/duckietown_msgs/msg/_ObstacleType.py
Symlinking /home/duman/ducky_ws/devel/lib/python3/dist-packages/duckietown_msgs/msg/_StopLineReading.py
Symlinking /home/duman/ducky_ws/devel/lib/python3/dist-packages/duckietown_msgs/msg/_WheelsCmdStamped.py
Symlinking /home/duman/ducky_ws/devel/lib/python3/dist-packages/duckietown_msgs/msg/_DuckiebotLED.py
Symlinking /home/duman/ducky_ws/devel/lib/python3/dist-packages/duckietown_msgs/msg/_Segment.py
Symlinking /home/duman/ducky_ws/devel/lib/python3/dist-packages/duckietown_msgs/msg/_DiagnosticsCodeProfiling.py
Symlinking /home/duman/ducky_ws/devel/lib/python3/dist-packages/duckietown_msgs/msg/_SourceTargetNodes.py
Symlinking /home/duman/ducky_ws/devel/lib/python3/dist-packages/duckietown_msgs/msg/_LEDDetectionDebugInfo.py
Symlinking /home/duman/ducky_ws/devel/lib/python3/dist-packages/duckietown_msgs/msg/_SignalsDetectionETHZ17.py
Symlinking /home/duman/ducky_ws/devel/lib/python3/dist-packages/duckietown_msgs/msg/_ObstacleProjectedDetection.py
Symlinking /home/duman/ducky_ws/devel/lib/python3/dist-packages/duckietown_msgs/msg/_LEDInterpreter.py
Symlinking /home/duman/ducky_ws/devel/lib/python3/dist-packages/duckietown_msgs/msg/_CarControl.py
Symlinking /home/duman/ducky_ws/devel/lib/python3/dist-packages/duckietown_msgs/msg/_ParamTuner.py
Symlinking /home/duman/ducky_ws/devel/lib/python3/dist-packages/duckietown_msgs/msg/_NodeParameter.py
Symlinking /home/duman/ducky_ws/devel/lib/python3/dist-packages/duckietown_msgs/msg/_IntersectionPoseImgDebug.py
Symlinking /home/duman/ducky_ws/devel/lib/python3/dist-packages/duckietown_msgs/msg/_DroneMode.py
Symlinking /home/duman/ducky_ws/devel/lib/python3/dist-packages/duckietown_msgs/msg/__init__.py
Symlinking /home/duman/ducky_ws/devel/lib/python3/dist-packages/duckietown_msgs/msg/_Pixel.py
Symlinking /home/duman/ducky_ws/devel/lib/python3/dist-packages/duckietown_msgs/msg/_DisplayFragment.py
Symlinking /home/duman/ducky_ws/devel/lib/python3/dist-packages/duckietown_msgs/msg/_DiagnosticsRosTopicArray.py
Symlinking /home/duman/ducky_ws/devel/lib/python3/dist-packages/duckietown_msgs/msg/_Twist2DStamped.py
Symlinking /home/duman/ducky_ws/devel/lib/python3/dist-packages/duckietown_msgs/msg/_Vector2D.py
Symlinking /home/duman/ducky_ws/devel/lib/python3/dist-packages/duckietown_msgs/msg/_DiagnosticsRosLink.py
Symlinking /home/duman/ducky_ws/devel/lib/python3/dist-packages/duckietown_msgs/msg/_WheelsCmd.py
Symlinking /home/duman/ducky_ws/devel/lib/python3/dist-packages/duckietown_msgs/msg/_TagInfo.py
Symlinking /home/duman/ducky_ws/devel/lib/python3/dist-packages/duckietown_msgs/msg/_ObstacleImageDetectionList.py
Symlinking /home/duman/ducky_ws/devel/lib/python3/dist-packages/duckietown_msgs/msg/_SignalsDetection.py
Symlinking /home/duman/ducky_ws/devel/lib/python3/dist-packages/duckietown_msgs/msg/_KinematicsWeights.py
Symlinking /home/duman/ducky_ws/devel/lib/python3/dist-packages/duckietown_msgs/msg/_LEDPattern.py
Symlinking /home/duman/ducky_ws/devel/lib/python3/dist-packages/duckietown_msgs/msg/_WheelsCmdDBV2Stamped.py
Symlinking /home/duman/ducky_ws/devel/lib/python3/dist-packages/duckietown_msgs/msg/_FSMState.py
Symlinking /home/duman/ducky_ws/devel/lib/python3/dist-packages/duckietown_msgs/msg/_EpisodeStart.py
Symlinking /home/duman/ducky_ws/devel/lib/python3/dist-packages/duckietown_msgs/msg/_Vsample.py
Symlinking /home/duman/ducky_ws/devel/lib/python3/dist-packages/duckietown_msgs/msg/_AntiInstagramThresholds.py
Symlinking /home/duman/ducky_ws/devel/lib/python3/dist-packages/duckietown_msgs/msg/_DiagnosticsRosLinkArray.py
Symlinking /home/duman/ducky_ws/devel/lib/python3/dist-packages/duckietown_msgs/msg/_CoordinationClearance.py
Symlinking /home/duman/ducky_ws/devel/lib/python3/dist-packages/duckietown_msgs/msg/_VehiclePose.py
Symlinking /home/duman/ducky_ws/devel/lib/python3/dist-packages/duckietown_msgs/msg/_ThetaDotSample.py
Symlinking /home/duman/ducky_ws/devel/lib/python3/dist-packages/duckietown_msgs/msg/_DiagnosticsCodeProfilingArray.py
Symlinking /home/duman/ducky_ws/devel/lib/python3/dist-packages/duckietown_msgs/msg/_CoordinationSignal.py
Symlinking /home/duman/ducky_ws/devel/lib/python3/dist-packages/duckietown_msgs/msg/_LightSensor.py
Symlinking /home/duman/ducky_ws/devel/lib/python3/dist-packages/duckietown_msgs/msg/_LEDDetection.py
Symlinking /home/duman/ducky_ws/devel/lib/python3/dist-packages/duckietown_msgs/msg/_SegmentList.py
Symlinking /home/duman/ducky_ws/devel/lib/python3/dist-packages/duckietown_msgs/msg/_AprilTagsWithInfos.py
Symlinking /home/duman/ducky_ws/devel/lib/python3/dist-packages/duckietown_msgs/msg/_LEDDetectionArray.py
Symlinking /home/duman/ducky_ws/devel/lib/python3/dist-packages/duckietown_msgs/msg/_ButtonEvent.py
Symlinking /home/duman/ducky_ws/devel/lib/python3/dist-packages/duckietown_msgs/msg/_AprilTagDetection.py
Symlinking /home/duman/ducky_ws/devel/lib/python3/dist-packages/duckietown_msgs/msg/_ObstacleImageDetection.py
Symlinking /home/duman/ducky_ws/devel/lib/python3/dist-packages/duckietown_msgs/msg/_WheelEncoderStamped.py
Symlinking /home/duman/ducky_ws/devel/lib/python3/dist-packages/duckietown_msgs/msg/_Rect.py
Symlinking /home/duman/ducky_ws/devel/lib/python3/dist-packages/duckietown_msgs/msg/_Pose2DStamped.py
Symlinking /home/duman/ducky_ws/devel/lib/python3/dist-packages/duckietown_msgs/msg/_DroneControl.py
Symlinking /home/duman/ducky_ws/devel/lib/python3/dist-packages/duckietown_msgs/msg/_DiagnosticsRosParameterArray.py
Symlinking /home/duman/ducky_ws/devel/lib/python3/dist-packages/duckietown_msgs/msg/_ObstacleProjectedDetectionList.py
Symlinking /home/duman/ducky_ws/devel/lib/python3/dist-packages/duckietown_msgs/msg/_VehicleCorners.py
Symlinking /home/duman/ducky_ws/devel/lib/python3/dist-packages/duckietown_msgs/msg/_LanePose.py
Symlinking /home/duman/ducky_ws/devel/lib/python3/dist-packages/duckietown_msgs/msg/_SceneSegments.py
Symlinking /home/duman/ducky_ws/devel/lib/python3/dist-packages/duckietown_msgs/msg/_EncoderStamped.py
Symlinking /home/duman/ducky_ws/devel/lib/python3/dist-packages/duckietown_msgs/msg/_KinematicsParameters.py
Symlinking /home/duman/ducky_ws/devel/lib/python3/dist-packages/duckietown_msgs/msg/_LineFollowerStamped.py
Symlinking /home/duman/ducky_ws/devel/lib/python3/dist-packages/duckietown_msgs/msg/_BoolStamped.py
Symlinking /home/duman/ducky_ws/devel/lib/python3/dist-packages/duckietown_msgs/srv/_SetCustomLEDPattern.py
Symlinking /home/duman/ducky_ws/devel/lib/python3/dist-packages/duckietown_msgs/srv/_NodeRequestParamsUpdate.py
Symlinking /home/duman/ducky_ws/devel/lib/python3/dist-packages/duckietown_msgs/srv/_LFstatus.py
Symlinking /home/duman/ducky_ws/devel/lib/python3/dist-packages/duckietown_msgs/srv/_SensorsStatus.py
Symlinking /home/duman/ducky_ws/devel/lib/python3/dist-packages/duckietown_msgs/srv/_IMUstatus.py
Symlinking /home/duman/ducky_ws/devel/lib/python3/dist-packages/duckietown_msgs/srv/_SetValue.py
Symlinking /home/duman/ducky_ws/devel/lib/python3/dist-packages/duckietown_msgs/srv/__init__.py
Symlinking /home/duman/ducky_ws/devel/lib/python3/dist-packages/duckietown_msgs/srv/_SetVariable.py
Symlinking /home/duman/ducky_ws/devel/lib/python3/dist-packages/duckietown_msgs/srv/_NodeGetParamsList.py
Symlinking /home/duman/ducky_ws/devel/lib/python3/dist-packages/duckietown_msgs/srv/_GetVariable.py
Symlinking /home/duman/ducky_ws/devel/lib/python3/dist-packages/duckietown_msgs/srv/_ToFstatus.py
Symlinking /home/duman/ducky_ws/devel/lib/python3/dist-packages/duckietown_msgs/srv/_SetFSMState.py
Symlinking /home/duman/ducky_ws/devel/lib/python3/dist-packages/duckietown_msgs/srv/_ChangePattern.py
